Log file open, 03/04/24 13:46:46
LogICUInternationalization: ICU TimeZone Detection - Raw Offset: +1:00, Platform Override: ''
LogInit: ExecutableName: CrashReportClient
LogInit: Build: ++UE5+Release-5.3-CL-29314046
LogInit: Engine Version: 5.3.2-29314046+++UE5+Release-5.3
LogInit: Compatible Engine Version: 5.3.0-27405482+++UE5+Release-5.3
LogInit: Net CL: 27405482
LogInit: OS: Ubuntu 23.10 (6.5.0-21-generic), CPU: Intel(R) Core(TM) i7-8750H CPU @ 2.20GHz, GPU: NVIDIA GeForce GTX 1070 (NVIDIA UNIX x86_64 Kernel Module  535.161.07  Sat Feb 17 22:55:48 UTC 2024)
LogInit: Compiled (64-bit): Nov  3 2023 16:27:17
LogInit: Architecture: x64
LogInit: Compiled with Clang: 16.0.6 (github.com/llvm/llvm-project 7cbf1a2591520c2491aa35339f227775f4d3adf6)
LogInit: Build Configuration: Shipping
LogInit: Branch Name: ++UE5+Release-5.3
LogInit: Command Line:  -Abslog="/home/zero/UnrealGames/MashRunner/Saved/Logs/MashRunner-CRC.log" "/home/zero/UnrealGames/MashRunner/Saved/Crashes/crashinfo-MashRunner-pid-11339-BF2C47E26A864E578B554B9429E74B50/"
LogInit: Base Directory: /home/zero/programs/Linux_Unreal_Engine_5.3.2/Engine/Binaries/Linux/
LogInit: Allocator: Mimalloc
LogInit: Installed Engine Build: 1
LogInit: This binary is optimized with LTO: no, PGO: no, instrumented for PGO data collection: no
LogInit: Presizing for max 100000 objects, including 0 objects not considered by GC, pre-allocating 0 bytes for permanent pool.
LogInit: Object subsystem initialized
[2024.03.04-13.46.46:448][  0]LogConfig: Applying CVar settings from Section [ConsoleVariables] File [Engine]
[2024.03.04-13.46.46:448][  0]LogInit: Unix hardware info:
[2024.03.04-13.46.46:448][  0]LogInit:  - we are the first instance of this executable
[2024.03.04-13.46.46:448][  0]LogInit:  - this process' id (pid) is 14246, parent process' id (ppid) is 11339
[2024.03.04-13.46.46:448][  0]LogInit:  - we are not running under debugger
[2024.03.04-13.46.46:448][  0]LogInit:  - machine network name is 'strubloid'
[2024.03.04-13.46.46:448][  0]LogInit:  - user name is 'zero' (zero)
[2024.03.04-13.46.46:448][  0]LogInit:  - we're logged in locally
[2024.03.04-13.46.46:448][  0]LogInit:  - we're running with rendering
[2024.03.04-13.46.46:448][  0]LogInit:  - CPU: GenuineIntel 'Intel(R) Core(TM) i7-8750H CPU @ 2.20GHz' (signature: 0x906EA)
[2024.03.04-13.46.46:448][  0]LogInit:  - Number of physical cores available for the process: 6
[2024.03.04-13.46.46:448][  0]LogInit:  - Number of logical cores available for the process: 12
[2024.03.04-13.46.46:448][  0]LogInit:  - GPU Brand Info: NVIDIA GeForce GTX 1070 (NVIDIA UNIX x86_64 Kernel Module  535.161.07  Sat Feb 17 22:55:48 UTC 2024)
[2024.03.04-13.46.46:448][  0]LogInit:  - Memory allocator used: Mimalloc
[2024.03.04-13.46.46:448][  0]LogInit:  - This is an internal build.
[2024.03.04-13.46.46:448][  0]LogCore: Skipped benchmarking clocks because the engine is running in a standalone program mode - CLOCK_MONOTONIC will be used.
[2024.03.04-13.46.46:448][  0]LogInit: Unix-specific commandline switches:
[2024.03.04-13.46.46:448][  0]LogInit:  -ansimalloc - use malloc()/free() from libc (useful for tools like valgrind and electric fence)
[2024.03.04-13.46.46:448][  0]LogInit:  -jemalloc - use jemalloc for all memory allocation
[2024.03.04-13.46.46:448][  0]LogInit:  -binnedmalloc - use binned malloc  for all memory allocation
[2024.03.04-13.46.46:448][  0]LogInit:  -filemapcachesize=NUMBER - set the size for case-sensitive file mapping cache
[2024.03.04-13.46.46:448][  0]LogInit:  -useksm - uses kernel same-page mapping (KSM) for mapped memory (OFF)
[2024.03.04-13.46.46:448][  0]LogInit:  -ksmmergeall - marks all mmap'd memory pages suitable for KSM (OFF)
[2024.03.04-13.46.46:448][  0]LogInit:  -preloadmodulesymbols - Loads the main module symbols file into memory (OFF)
[2024.03.04-13.46.46:448][  0]LogInit:  -sigdfl=SIGNAL - Allows a specific signal to be set to its default handler rather then ignoring the signal
[2024.03.04-13.46.46:448][  0]LogInit:  -crashhandlerstacksize - Allows setting crash handler stack sizes (204800)
[2024.03.04-13.46.46:448][  0]LogInit:  -noexclusivelockonwrite - disables marking files created by the engine as exclusive locked while the engine has them opened
[2024.03.04-13.46.46:448][  0]LogInit:  -httpproxy=ADDRESS:PORT - redirects HTTP requests to a proxy (only supported if compiled with libcurl)
[2024.03.04-13.46.46:448][  0]LogInit:  -reuseconn - allow libcurl to reuse HTTP connections (only matters if compiled with libcurl)
[2024.03.04-13.46.46:448][  0]LogInit:  -virtmemkb=NUMBER - sets process virtual memory (address space) limit (overrides VirtualMemoryLimitInKB value from .ini)
[2024.03.04-13.46.46:448][  0]LogInit:  -allowsyscallfilterfile=PATH_TO_FILE - sets up a system call filter allow list. any invalid syscall in this list *will* cause a crash
[2024.03.04-13.46.46:448][  0]LogInit:  - Physical RAM available (not considering process quota): 32 GB (31816 MB, 32580456 KB, 33362386944 bytes)
[2024.03.04-13.46.46:448][  0]LogInit:  - VirtualMemoryAllocator pools will grow at scale 1.4
[2024.03.04-13.46.46:448][  0]LogInit:  - MemoryRangeDecommit() will be a no-op (re-run with -vmapoolevict to change)
[2024.03.04-13.46.46:448][  0]LogInit:  - PageSize 4096
[2024.03.04-13.46.46:448][  0]LogInit:  - BinnedPageSize 65536
[2024.03.04-13.46.46:450][  0]LogUObjectArray: 434 objects as part of root set at end of initial load.
[2024.03.04-13.46.46:450][  0]LogUObjectAllocator: 90616 out of 0 bytes used by permanent object pool.
[2024.03.04-13.46.46:450][  0]LogUObjectArray: CloseDisregardForGC: 0/0 objects in disregard for GC pool
[2024.03.04-13.46.46:450][  0]LogInit: Using OS detected language (en-US).
[2024.03.04-13.46.46:450][  0]LogInit: Using OS detected locale (en-US).
[2024.03.04-13.46.46:451][  0]LogTextLocalizationManager: No specific localization for 'en-US' exists, so 'en' will be used for the language.
[2024.03.04-13.46.46:480][  0]LogInit: Using OS detected language (en-US).
[2024.03.04-13.46.46:480][  0]LogInit: Using OS detected locale (en-US).
[2024.03.04-13.46.46:480][  0]LogTextLocalizationManager: No localization for 'en-US' exists, so 'en' will be used for the language.
[2024.03.04-13.46.46:480][  0]LogTextLocalizationManager: No localization for 'en-US' exists, so 'en' will be used for the locale.
[2024.03.04-13.46.46:480][  0]LogPackageLocalizationCache: Processed 2 localized package path(s) for 1 prioritized culture(s) in 0.000035 seconds
[2024.03.04-13.46.46:480][  0]CrashReportCoreLog: CrashReportClientVersion=1.0
[2024.03.04-13.46.46:480][  0]CrashReportCoreLog: CrashReportReceiver disabled
[2024.03.04-13.46.46:480][  0]CrashReportCoreLog: DataRouterUrl: https://datarouter.ol.epicgames.com/datarouter/api/v1/public/data
[2024.03.04-13.46.46:501][  0]LogInit: Using libcurl 8.4.0
[2024.03.04-13.46.46:501][  0]LogInit:  - built for x86_64-unknown-linux-gnu
[2024.03.04-13.46.46:501][  0]LogInit:  - supports SSL with OpenSSL/1.1.1t
[2024.03.04-13.46.46:501][  0]LogInit:  - supports HTTP deflate (compression) using libz 1.2.13
[2024.03.04-13.46.46:501][  0]LogInit:  - other features:
[2024.03.04-13.46.46:501][  0]LogInit:      CURL_VERSION_SSL
[2024.03.04-13.46.46:501][  0]LogInit:      CURL_VERSION_LIBZ
[2024.03.04-13.46.46:501][  0]LogInit:      CURL_VERSION_IPV6
[2024.03.04-13.46.46:501][  0]LogInit:      CURL_VERSION_ASYNCHDNS
[2024.03.04-13.46.46:501][  0]LogInit:      CURL_VERSION_LARGEFILE
[2024.03.04-13.46.46:501][  0]LogInit:      CURL_VERSION_TLSAUTH_SRP
[2024.03.04-13.46.46:502][  0]LogInit:  CurlRequestOptions (configurable via config and command line):
[2024.03.04-13.46.46:502][  0]LogInit:  - bVerifyPeer = false  - Libcurl will NOT verify peer certificate
[2024.03.04-13.46.46:502][  0]LogInit:  - bUseHttpProxy = false  - Libcurl will NOT use HTTP proxy
[2024.03.04-13.46.46:502][  0]LogInit:  - bDontReuseConnections = false  - Libcurl will reuse connections
[2024.03.04-13.46.46:502][  0]LogInit:  - MaxHostConnections = 16  - Libcurl will limit the number of connections to a host
[2024.03.04-13.46.46:502][  0]LogInit:  - LocalHostAddr = Default
[2024.03.04-13.46.46:502][  0]LogInit:  - BufferSize = 65536
[2024.03.04-13.46.46:502][  0]LogAnalytics: Display: [CrashReporter.Release] APIServer = https://datarouter.ol.epicgames.com/. AppVersion = ++UE5+Release-5.3-CL-29314046
[2024.03.04-13.46.46:504][  0]LogInit: Initializing SDL.
[2024.03.04-13.46.46:507][  0]LogInit: Warning: Could not initialize SDL: No available video device
[2024.03.04-13.46.46:507][  0]LogInit: Error: FLinuxApplication::CreateLinuxApplication() : InitSDL() failed, cannot create application instance.
[2024.03.04-13.46.46:507][  0]LogCore: FUnixPlatformMisc::RequestExit(bForce=true, ReturnCode=1, CallSite=<NoCallSiteInfo>)
[2024.03.04-13.46.46:507][  0]LogCore: FUnixPlatformMisc::RequestExit(1, <NoCallSiteInfo>)
